<!DOCTYPE html>
<html>
  <head>
	<meta http-equiv="content-type" content="text/html; charset=UTF-8">
	<meta charset="utf-8">
	<title>Landing Page</title>
	<style>
	  a {
	  color:#0000ff;
	  }
	</style>
  </head>
  <body>
	<h1>Search Engines</h1>
<p><a href="https://google.com">Google</a>
</p><p><a href="https://duckduckgo.com">DuckDuckGo</a>
</p>	<h1>Quick Links</h1>
<p><a href="./">Root</a>
&nbsp;&nbsp;<a href="./one">(Child1)</a>
&nbsp;&nbsp;<a href="./two">(Child2)</a>
&nbsp;&nbsp;<a href="./three">(Child3)</a>
</p><p><a href="./other/">OtherRoot</a>
&nbsp;&nbsp;<a href="./other/more">(More)</a>
</p>  </body>
</html>
